Determining if the pthread_create exist failed with the following output:
Change Dir: /home/sophie/Documents/FRC2017/build/CMakeFiles/CMakeTmp

Run Build Command:/usr/bin/make "cmTryCompileExec1255944395/fast"
/usr/bin/make -f CMakeFiles/cmTryCompileExec1255944395.dir/build.make CMakeFiles/cmTryCompileExec1255944395.dir/build
make[1]: Entering directory `/home/sophie/Documents/FRC2017/build/CMakeFiles/CMakeTmp'
/usr/bin/cmake -E cmake_progress_report /home/sophie/Documents/FRC2017/build/CMakeFiles/CMakeTmp/CMakeFiles 1
Building C object CMakeFiles/cmTryCompileExec1255944395.dir/CheckSymbolExists.c.o
/usr/bin/cc    -o CMakeFiles/cmTryCompileExec1255944395.dir/CheckSymbolExists.c.o   -c /home/sophie/Documents/FRC2017/build/CMakeFiles/CMakeTmp/CheckSymbolExists.c
Linking C executable cmTryCompileExec1255944395
/usr/bin/cmake -E cmake_link_script CMakeFiles/cmTryCompileExec1255944395.dir/link.txt --verbose=1
/usr/bin/cc       CMakeFiles/cmTryCompileExec1255944395.dir/CheckSymbolExists.c.o  -o cmTryCompileExec1255944395 -rdynamic 
CMakeFiles/cmTryCompileExec1255944395.dir/CheckSymbolExists.c.o: In function `main':
CheckSymbolExists.c:(.text+0x16): undefined reference to `pthread_create'
collect2: error: ld returned 1 exit status
make[1]: *** [cmTryCompileExec1255944395] Error 1
make[1]: Leaving directory `/home/sophie/Documents/FRC2017/build/CMakeFiles/CMakeTmp'
make: *** [cmTryCompileExec1255944395/fast] Error 2

File /home/sophie/Documents/FRC2017/build/CMakeFiles/CMakeTmp/CheckSymbolExists.c:
/* */
#include <pthread.h>

int main(int argc, char** argv)
{
  (void)argv;
#ifndef pthread_create
  return ((int*)(&pthread_create))[argc];
#else
  (void)argc;
  return 0;
#endif
}

Determining if the function pthread_create exists in the pthreads failed with the following output:
Change Dir: /home/sophie/Documents/FRC2017/build/CMakeFiles/CMakeTmp

Run Build Command:/usr/bin/make "cmTryCompileExec2181116118/fast"
/usr/bin/make -f CMakeFiles/cmTryCompileExec2181116118.dir/build.make CMakeFiles/cmTryCompileExec2181116118.dir/build
make[1]: Entering directory `/home/sophie/Documents/FRC2017/build/CMakeFiles/CMakeTmp'
/usr/bin/cmake -E cmake_progress_report /home/sophie/Documents/FRC2017/build/CMakeFiles/CMakeTmp/CMakeFiles 1
Building C object CMakeFiles/cmTryCompileExec2181116118.dir/CheckFunctionExists.c.o
/usr/bin/cc   -DCHECK_FUNCTION_EXISTS=pthread_create   -o CMakeFiles/cmTryCompileExec2181116118.dir/CheckFunctionExists.c.o   -c /usr/share/cmake-2.8/Modules/CheckFunctionExists.c
Linking C executable cmTryCompileExec2181116118
/usr/bin/cmake -E cmake_link_script CMakeFiles/cmTryCompileExec2181116118.dir/link.txt --verbose=1
/usr/bin/cc   -DCHECK_FUNCTION_EXISTS=pthread_create    CMakeFiles/cmTryCompileExec2181116118.dir/CheckFunctionExists.c.o  -o cmTryCompileExec2181116118 -rdynamic -lpthreads 
/usr/bin/ld: cannot find -lpthreads
collect2: error: ld returned 1 exit status
make[1]: *** [cmTryCompileExec2181116118] Error 1
make[1]: Leaving directory `/home/sophie/Documents/FRC2017/build/CMakeFiles/CMakeTmp'
make: *** [cmTryCompileExec2181116118/fast] Error 2


